[00:03:28] [Server thread/INFO]: Leah_Sakai has made the advancement [Who Needs Rockets?]
[00:03:35] [Server thread/INFO]: <Leah_Sakai> XDDDDDDDDDDD
[00:05:58] [Server thread/INFO]: Villager cmk['Cleric'/25153, l='ServerLevel[world]', x=-2492.30, y=64.00, z=1951.23] died, message: 'Cleric was slain by Zombie'
[00:06:49] [Server thread/INFO]: [Leah_Sakai: The difficulty has been set to Hard]
[00:06:59] [Server thread/INFO]: <GamenderCrocs> se cambió XD?
[00:07:04] [Server thread/INFO]: <Leah_Sakai> npi
[00:07:08] [Server thread/INFO]: <Leah_Sakai> pero siento q no pegan
[00:08:31] [Server thread/INFO]: Leah_Sakai has made the advancement [Wax On]
[00:10:01] [Server thread/INFO]: <Leah_Sakai> ahora si
[00:15:01] [Server thread/INFO]: <Leah_Sakai> ahi vengo
[00:15:28] [Server thread/INFO]: Leah_Sakai lost connection: Timed out
[00:15:28] [Server thread/INFO]: Leah_Sakai left the game
[00:30:08] [Server thread/INFO]: GamenderCrocs lost connection: Timed out
[00:30:08] [Server thread/INFO]: GamenderCrocs left the game
[00:51:14] [User Authenticator #6/INFO]: UUID of player Leah_Sakai is 34b98200-a52a-4d1b-8168-d8ef642a2207
[00:51:16] [Server thread/INFO]: Leah_Sakai[/[0:0:0:0:0:0:0:1%0]:60320] logged in with entity id 35908 at (-2586.699999988079, -12.5, 1950.1369173691664)
[00:51:16] [Server thread/INFO]: Leah_Sakai joined the game
[00:51:26] [Server thread/INFO]: <Leah_Sakai> coit
[00:51:28] [Server thread/INFO]: <Leah_Sakai> a
[00:52:34] [Server thread/INFO]: [Leah_Sakai: Set own game mode to Creative Mode]
[00:52:44] [Server thread/INFO]: <Leah_Sakai> pndjo
[00:52:45] [Server thread/INFO]: [Leah_Sakai: Set own game mode to Spectator Mode]
[00:52:55] [Server thread/INFO]: [Leah_Sakai: Set own game mode to Creative Mode]
[00:52:58] [Server thread/INFO]: [Leah_Sakai: Set own game mode to Survival Mode]
[00:56:14] [Server thread/INFO]: [Leah_Sakai: Set own game mode to Spectator Mode]
[00:56:20] [Server thread/INFO]: [Leah_Sakai: Set own game mode to Survival Mode]
[00:56:34] [Server thread/INFO]: [Leah_Sakai: Set own game mode to Spectator Mode]
[00:56:42] [Server thread/INFO]: [Leah_Sakai: Set own game mode to Survival Mode]
[00:56:50] [Server thread/INFO]: [Leah_Sakai: Set own game mode to Spectator Mode]
[00:56:59] [Server thread/INFO]: [Leah_Sakai: Set own game mode to Survival Mode]
[00:57:08] [Server thread/INFO]: [Leah_Sakai: Set own game mode to Spectator Mode]
[00:57:14] [Server thread/INFO]: [Leah_Sakai: Set own game mode to Survival Mode]
[01:03:03] [Server thread/INFO]: [Leah_Sakai: Set own game mode to Spectator Mode]
[01:03:17] [Server thread/INFO]: [Leah_Sakai: Set own game mode to Survival Mode]
[01:06:36] [Server thread/INFO]: [Leah_Sakai: Set own game mode to Spectator Mode]
[01:06:52] [Server thread/INFO]: [Leah_Sakai: Set own game mode to Survival Mode]
[01:07:54] [Server thread/INFO]: [Leah_Sakai: Set own game mode to Spectator Mode]
[01:08:01] [Server thread/INFO]: [Leah_Sakai: Set own game mode to Survival Mode]
[01:08:04] [Server thread/INFO]: [Leah_Sakai: Set own game mode to Spectator Mode]
[01:08:14] [Server thread/INFO]: [Leah_Sakai: Set own game mode to Survival Mode]
[01:11:32] [Server thread/INFO]: [Leah_Sakai: Set own game mode to Spectator Mode]
[01:11:40] [Server thread/INFO]: [Leah_Sakai: Set own game mode to Survival Mode]
[01:16:29] [User Authenticator #7/INFO]: UUID of player GamenderCrocs is 96d5ea17-0511-45b1-ab65-d51b649a0f33
[01:16:31] [Server thread/INFO]: GamenderCrocs[/[0:0:0:0:0:0:0:1%0]:35422] logged in with entity id 41655 at (2334.699476843937, 119.0, -3328.237500011921)
[01:16:31] [Server thread/INFO]: GamenderCrocs joined the game
[01:32:47] [Server thread/INFO]: GamenderCrocs has made the advancement [Sneak 100]
[01:45:05] [Server thread/INFO]: Leah_Sakai lost connection: Timed out
[01:45:05] [Server thread/INFO]: Leah_Sakai left the game
[01:45:48] [Server thread/INFO]: GamenderCrocs lost connection: Timed out
[01:45:48] [Server thread/INFO]: GamenderCrocs left the game
[01:47:31] [User Authenticator #8/INFO]: UUID of player GamenderCrocs is 96d5ea17-0511-45b1-ab65-d51b649a0f33
[01:47:33] [Server thread/INFO]: GamenderCrocs[/[0:0:0:0:0:0:0:1%0]:43526] logged in with entity id 54045 at (2013.9876339453037, -8.0, -3298.214881361914)
[01:47:33] [Server thread/INFO]: GamenderCrocs joined the game
[01:49:05] [User Authenticator #9/INFO]: UUID of player Leah_Sakai is 34b98200-a52a-4d1b-8168-d8ef642a2207
[01:49:07] [Server thread/INFO]: Leah_Sakai[/[0:0:0:0:0:0:0:1%0]:37836] logged in with entity id 54443 at (-2576.677509869499, 64.0, 1890.902520848103)
[01:49:07] [Server thread/INFO]: Leah_Sakai joined the game
[01:53:10] [Server thread/INFO]: Leah_Sakai has made the advancement [Tactical Fishing]
[02:12:22] [Server thread/WARN]: Mismatch in destroy block pos: jd{x=-2534, y=111, z=2081} jd{x=-2535, y=111, z=2081}
[02:12:24] [Server thread/WARN]: Mismatch in destroy block pos: jd{x=-2533, y=111, z=2081} jd{x=-2534, y=111, z=2081}
[02:12:24] [Server thread/WARN]: Mismatch in destroy block pos: jd{x=-2533, y=110, z=2081} jd{x=-2534, y=111, z=2081}
[02:12:24] [Server thread/WARN]: Mismatch in destroy block pos: jd{x=-2534, y=110, z=2081} jd{x=-2534, y=111, z=2081}
[02:12:24] [Server thread/WARN]: Mismatch in destroy block pos: jd{x=-2532, y=110, z=2081} jd{x=-2534, y=111, z=2081}
[02:12:24] [Server thread/WARN]: Mismatch in destroy block pos: jd{x=-2531, y=110, z=2081} jd{x=-2534, y=111, z=2081}
[02:12:36] [Server thread/WARN]: Mismatch in destroy block pos: jd{x=-2535, y=111, z=2079} jd{x=-2536, y=111, z=2079}
[02:13:42] [Server thread/WARN]: Mismatch in destroy block pos: jd{x=-2537, y=111, z=2078} jd{x=-2538, y=110, z=2079}
[02:14:57] [Server thread/WARN]: Mismatch in destroy block pos: jd{x=-2538, y=109, z=2075} jd{x=-2539, y=109, z=2075}
[02:20:23] [Server thread/WARN]: Mismatch in destroy block pos: jd{x=-2538, y=105, z=2072} jd{x=-2538, y=105, z=2073}
[02:20:23] [Server thread/WARN]: Mismatch in destroy block pos: jd{x=-2538, y=104, z=2072} jd{x=-2538, y=105, z=2073}
[02:20:23] [Server thread/WARN]: Mismatch in destroy block pos: jd{x=-2539, y=104, z=2071} jd{x=-2538, y=105, z=2073}
[02:20:46] [Server thread/WARN]: Mismatch in destroy block pos: jd{x=-2541, y=105, z=2070} jd{x=-2542, y=105, z=2070}
[02:20:46] [Server thread/WARN]: Mismatch in destroy block pos: jd{x=-2540, y=105, z=2070} jd{x=-2541, y=105, z=2071}
[02:23:28] [Server thread/INFO]: [GamenderCrocs: Teleported GamenderCrocs to 2331.500000, 118.000000, -3337.500000]
[02:31:09] [Server thread/WARN]: Mismatch in destroy block pos: jd{x=-2530, y=101, z=2077} jd{x=-2531, y=101, z=2078}
[02:33:37] [Server thread/INFO]: [Leah_Sakai: Teleported Leah_Sakai to -2526.940000, 99.000000, 2079.300000]
[02:33:40] [Server thread/INFO]: [Leah_Sakai: Teleported Leah_Sakai to GamenderCrocs]
[02:34:00] [Server thread/INFO]: [Leah_Sakai: Teleported Leah_Sakai to -2526.940000, 99.000000, 2079.300000]
[02:35:26] [Server thread/INFO]: Leah_Sakai lost connection: Timed out
[02:35:26] [Server thread/INFO]: Leah_Sakai left the game
[02:42:50] [Server thread/INFO]: [GamenderCrocs: Teleported GamenderCrocs to 2331.500000, 118.000000, -3337.500000]
[02:45:47] [Server thread/INFO]: GamenderCrocs has made the advancement [Best Friends Forever]
[02:52:50] [Server thread/INFO]: [GamenderCrocs: Teleported GamenderCrocs to 2331.500000, 118.000000, -3337.500000]
[03:14:56] [User Authenticator #10/INFO]: UUID of player Leah_Sakai is 34b98200-a52a-4d1b-8168-d8ef642a2207
[03:14:57] [Server thread/INFO]: Leah_Sakai[/[0:0:0:0:0:0:0:1%0]:33910] logged in with entity id 86839 at (-2530.877480687469, 99.0, 2076.1516173639766)
[03:14:57] [Server thread/INFO]: Leah_Sakai joined the game
[03:18:30] [Server thread/INFO]: GamenderCrocs was blown up by Creeper
[03:23:06] [Server thread/INFO]: [GamenderCrocs: Teleported GamenderCrocs to 3078.500000, -14.000000, -4128.500000]
[03:25:26] [Server thread/INFO]: [GamenderCrocs: Teleported GamenderCrocs to 2331.500000, 118.000000, -3337.500000]
[03:27:18] [Server thread/INFO]: [GamenderCrocs: Teleported GamenderCrocs to Leah_Sakai]
[03:28:04] [Server thread/INFO]: [GamenderCrocs: Teleported GamenderCrocs to 2331.500000, 118.000000, -3337.500000]
[03:35:56] [Server thread/INFO]: [Leah_Sakai: Set own game mode to Spectator Mode]
[03:36:04] [Server thread/WARN]: Leah_Sakai moved too quickly! -13.607388907560107,9.466560215568542,-11.635917920456222
[03:36:10] [Server thread/INFO]: [Leah_Sakai: Set own game mode to Survival Mode]
[03:41:06] [Server thread/INFO]: [GamenderCrocs: Teleported GamenderCrocs to 2331.500000, 118.000000, -3337.500000]
[03:45:15] [Server thread/INFO]: [Leah_Sakai: Set own game mode to Spectator Mode]
[03:45:39] [Server thread/INFO]: [Leah_Sakai: Set own game mode to Survival Mode]
[03:55:11] [Server thread/INFO]: [GamenderCrocs: Teleported GamenderCrocs to Leah_Sakai]
[03:55:20] [Server thread/INFO]: [GamenderCrocs: Teleported GamenderCrocs to 2331.500000, 118.000000, -3337.500000]
[04:03:59] [Server thread/INFO]: GamenderCrocs lost connection: Timed out
[04:03:59] [Server thread/INFO]: GamenderCrocs left the game
[04:13:02] [Server thread/INFO]: Leah_Sakai lost connection: Timed out
[04:13:02] [Server thread/INFO]: Leah_Sakai left the game
[05:38:34] [Server thread/INFO]: Stopping the server
[05:38:35] [Server thread/INFO]: Stopping server
[05:38:35] [Server thread/INFO]: Saving players
[05:38:35] [Server thread/INFO]: Saving worlds
[05:38:35] [Server thread/INFO]: Saving chunks for level 'ServerLevel[world]'/minecraft:overworld
[05:38:35] [Server thread/INFO]: Saving chunks for level 'ServerLevel[world]'/minecraft:the_nether
[05:38:35] [Server thread/INFO]: Saving chunks for level 'ServerLevel[world]'/minecraft:the_end
[05:38:35] [Server thread/INFO]: ThreadedAnvilChunkStorage (world): All chunks are saved
[05:38:35] [Server thread/INFO]: ThreadedAnvilChunkStorage (DIM-1): All chunks are saved
[05:38:35] [Server thread/INFO]: ThreadedAnvilChunkStorage (DIM1): All chunks are saved
[05:38:35] [Server thread/INFO]: ThreadedAnvilChunkStorage: All dimensions are saved
